<?xml version="1.0" encoding="UTF-8"?>
<!-- Generated by org.testng.reporters.JUnitXMLReporter -->
<testsuite hostname="LAZ-TH-L-M-0053" ignored="0" name="Command line test" tests="8" failures="1" timestamp="17 May 2018 02:26:03 GMT" time="168.967" errors="0">
  <testcase name="verifyCreateClientLinkTest" time="3.358" classname="com.infy.qa.testcases.HomePageTest"/>
  <testcase name="verifyClientPageTitleTest" time="23.432" classname="com.infy.qa.testcases.ClientPageTest">
    <failure type="org.openqa.selenium.NoSuchElementException" message="Unable to locate element: //*[@id=&amp;quot;content&amp;quot;]/div[2]/div/div[1]/h2/strong
For documentation on this error, please visit: http://seleniumhq.org/exceptions/no_such_element.html
Build info: version: &amp;apos;3.12.0&amp;apos;, revision: &amp;apos;7c6e0b3&amp;apos;, time: &amp;apos;2018-05-08T14:04:26.12Z&amp;apos;
System info: host: &amp;apos;LAZ-TH-L-M-0053&amp;apos;, ip: &amp;apos;fe80:0:0:0:60:1b05:f3f5:95a7%en0&amp;apos;, os.name: &amp;apos;Mac OS X&amp;apos;, os.arch: &amp;apos;x86_64&amp;apos;, os.version: &amp;apos;10.13.4&amp;apos;, java.version: &amp;apos;1.8.0_162&amp;apos;
Driver info: org.openqa.selenium.firefox.FirefoxDriver
Capabilities {acceptInsecureCerts: true, browserName: firefox, browserVersion: 59.0.2, javascriptEnabled: true, moz:accessibilityChecks: false, moz:headless: false, moz:processID: 30582, moz:profile: /tmp/rust_mozprofile.zpex1t..., moz:useNonSpecCompliantPointerOrigin: false, moz:webdriverClick: true, pageLoadStrategy: normal, platform: MAC, platformName: MAC, platformVersion: 17.5.0, rotatable: false, timeouts: {implicit: 0, pageLoad: 300000, script: 30000}}
Session ID: 9b0b2df9-f5e3-fb45-a79d-5f2b402cf5c9
*** Element info: {Using=xpath, value=//*[@id=&amp;quot;content&amp;quot;]/div[2]/div/div[1]/h2/strong}">
      <![CDATA[org.openqa.selenium.NoSuchElementException: Unable to locate element: //*[@id="content"]/div[2]/div/div[1]/h2/strong
For documentation on this error, please visit: http://seleniumhq.org/exceptions/no_such_element.html
Build info: version: '3.12.0', revision: '7c6e0b3', time: '2018-05-08T14:04:26.12Z'
System info: host: 'LAZ-TH-L-M-0053', ip: 'fe80:0:0:0:60:1b05:f3f5:95a7%en0', os.name: 'Mac OS X', os.arch: 'x86_64', os.version: '10.13.4', java.version: '1.8.0_162'
Driver info: org.openqa.selenium.firefox.FirefoxDriver
Capabilities {acceptInsecureCerts: true, browserName: firefox, browserVersion: 59.0.2, javascriptEnabled: true, moz:accessibilityChecks: false, moz:headless: false, moz:processID: 30582, moz:profile: /tmp/rust_mozprofile.zpex1t..., moz:useNonSpecCompliantPointerOrigin: false, moz:webdriverClick: true, pageLoadStrategy: normal, platform: MAC, platformName: MAC, platformVersion: 17.5.0, rotatable: false, timeouts: {implicit: 0, pageLoad: 300000, script: 30000}}
Session ID: 9b0b2df9-f5e3-fb45-a79d-5f2b402cf5c9
*** Element info: {Using=xpath, value=//*[@id="content"]/div[2]/div/div[1]/h2/strong}
at org.openqa.selenium.remote.http.W3CHttpResponseCodec.createException(W3CHttpResponseCodec.java:187)
at org.openqa.selenium.remote.http.W3CHttpResponseCodec.decode(W3CHttpResponseCodec.java:122)
at org.openqa.selenium.remote.http.W3CHttpResponseCodec.decode(W3CHttpResponseCodec.java:49)
at org.openqa.selenium.remote.HttpCommandExecutor.execute(HttpCommandExecutor.java:158)
at org.openqa.selenium.remote.service.DriverCommandExecutor.execute(DriverCommandExecutor.java:83)
at org.openqa.selenium.remote.RemoteWebDriver.execute(RemoteWebDriver.java:543)
at org.openqa.selenium.remote.RemoteWebDriver.findElement(RemoteWebDriver.java:317)
at org.openqa.selenium.remote.RemoteWebDriver.findElementByXPath(RemoteWebDriver.java:419)
at org.openqa.selenium.By$ByXPath.findElement(By.java:353)
at org.openqa.selenium.remote.RemoteWebDriver.findElement(RemoteWebDriver.java:309)
at org.openqa.selenium.support.events.EventFiringWebDriver.lambda$new$1(EventFiringWebDriver.java:103)
at com.sun.proxy.$Proxy5.findElement(Unknown Source)
at org.openqa.selenium.support.events.EventFiringWebDriver.findElement(EventFiringWebDriver.java:186)
at org.openqa.selenium.support.pagefactory.DefaultElementLocator.findElement(DefaultElementLocator.java:69)
at org.openqa.selenium.support.pagefactory.internal.LocatingElementHandler.invoke(LocatingElementHandler.java:38)
at com.sun.proxy.$Proxy9.isDisplayed(Unknown Source)
at com.infy.qa.pages.ClientPage.verifyClientPageTitle(ClientPage.java:26)
at com.infy.qa.testcases.ClientPageTest.verifyClientPageTitleTest(ClientPageTest.java:39)
... Removed 43 stack frames]]>
    </failure>
  </testcase> <!-- verifyClientPageTitleTest -->
  <testcase name="verifyHomepageTitleTest" time="0.015" classname="com.infy.qa.testcases.HomePageTest"/>
  <testcase name="loginPageTitleTest" time="0.011" classname="com.infy.qa.testcases.LoginPageTest"/>
  <testcase name="verifyUserNameTest" time="0.12" classname="com.infy.qa.testcases.HomePageTest"/>
  <testcase name="customLogoTest" time="0.062" classname="com.infy.qa.testcases.LoginPageTest"/>
  <testcase name="verifyUsernameLinkTest" time="2.79" classname="com.infy.qa.testcases.HomePageTest"/>
  <testcase name="loginTest" time="4.294" classname="com.infy.qa.testcases.LoginPageTest"/>
</testsuite> <!-- Command line test -->
