<?xml version="1.0" encoding="UTF-8" ?>
<testsuite tests="8" failures="1" name="TestSuite" time="34.096" errors="0" skipped="0">
  <properties>
    <property name="java.vendor" value="Oracle Corporation"/>
    <property name="JOB_NAME" value="InstafinTestRunnerJobs"/>
    <property name="PWD" value="/Users/rajeev.kumar"/>
    <property name="sun.java.launcher" value="SUN_STANDARD"/>
    <property name="sun.management.compiler" value="HotSpot 64-Bit Tiered Compilers"/>
    <property name="JENKINS_HOME" value="/var/root/.jenkins"/>
    <property name="PATH" value="/Users/rajeev.kumar/.cargo/bin:/Users/rajeev.kumar/.npm-packages/bin:/Library/Java/JavaVirtualMachines/jdk1.8.0_162.jdk/Contents/Home/bin:/usr/local/bin:/usr/bin:/bin:/usr/sbin:/sbin:/usr/local/mysql/bin:/Users/rajeev.kumar/Library/Android/sdk/tools:/Users/rajeev.kumar/Library/Android/sdk/platform-tools:/opt/gradle/gradle-4.2.1/bin"/>
    <property name="HUDSON_SERVER_COOKIE" value="d297d71b1749485d"/>
    <property name="POM_ARTIFACTID" value="OradianInfyTask"/>
    <property name="os.name" value="Mac OS X"/>
    <property name="sun.boot.class.path" value="/Library/Java/JavaVirtualMachines/jdk1.8.0_162.jdk/Contents/Home/jre/lib/resources.jar:/Library/Java/JavaVirtualMachines/jdk1.8.0_162.jdk/Contents/Home/jre/lib/rt.jar:/Library/Java/JavaVirtualMachines/jdk1.8.0_162.jdk/Contents/Home/jre/lib/sunrsasign.jar:/Library/Java/JavaVirtualMachines/jdk1.8.0_162.jdk/Contents/Home/jre/lib/jsse.jar:/Library/Java/JavaVirtualMachines/jdk1.8.0_162.jdk/Contents/Home/jre/lib/jce.jar:/Library/Java/JavaVirtualMachines/jdk1.8.0_162.jdk/Contents/Home/jre/lib/charsets.jar:/Library/Java/JavaVirtualMachines/jdk1.8.0_162.jdk/Contents/Home/jre/lib/jfr.jar:/Library/Java/JavaVirtualMachines/jdk1.8.0_162.jdk/Contents/Home/jre/classes"/>
    <property name="EXECUTOR_NUMBER" value="0"/>
    <property name="user.country.format" value="TH"/>
    <property name="java.vm.specification.vendor" value="Oracle Corporation"/>
    <property name="POM_DISPLAYNAME" value="OradianInfyTask"/>
    <property name="NODE_LABELS" value="master"/>
    <property name="java.runtime.version" value="1.8.0_162-b12"/>
    <property name="user.name" value="root"/>
    <property name="guice.disable.misplaced.annotation.check" value="true"/>
    <property name="user.language" value="en"/>
    <property name="JOB_BASE_NAME" value="InstafinTestRunnerJobs"/>
    <property name="RUN_CHANGES_DISPLAY_URL" value="http://localhost:8080/job/InstafinTestRunnerJobs/4/display/redirect?page=changes"/>
    <property name="BUILD_DISPLAY_NAME" value="#4"/>
    <property name="sun.boot.library.path" value="/Library/Java/JavaVirtualMachines/jdk1.8.0_162.jdk/Contents/Home/jre/lib"/>
    <property name="java.version" value="1.8.0_162"/>
    <property name="user.timezone" value="Asia/Bangkok"/>
    <property name="USERNAME" value="root"/>
    <property name="sun.arch.data.model" value="64"/>
    <property name="NODE_NAME" value="master"/>
    <property name="TERM" value="xterm-256color"/>
    <property name="java.endorsed.dirs" value="/Library/Java/JavaVirtualMachines/jdk1.8.0_162.jdk/Contents/Home/jre/lib/endorsed"/>
    <property name="BUILD_ID" value="4"/>
    <property name="sun.cpu.isalist" value=""/>
    <property name="sun.jnu.encoding" value="UTF-8"/>
    <property name="file.encoding.pkg" value="sun.io"/>
    <property name="SHELL" value="/bin/sh"/>
    <property name="file.separator" value="/"/>
    <property name="java.specification.name" value="Java Platform API Specification"/>
    <property name="maven.conf" value="/private/var/root/.jenkins/tools/hudson.tasks.Maven_MavenInstallation/TestMaven/conf"/>
    <property name="SUDO_GID" value="247925535"/>
    <property name="java.class.version" value="52.0"/>
    <property name="org.slf4j.simpleLogger.defaultLogLevel" value="info"/>
    <property name="user.country" value="US"/>
    <property name="java.home" value="/Library/Java/JavaVirtualMachines/jdk1.8.0_162.jdk/Contents/Home/jre"/>
    <property name="java.vm.info" value="mixed mode"/>
    <property name="os.version" value="10.13.4"/>
    <property name="RUN_DISPLAY_URL" value="http://localhost:8080/job/InstafinTestRunnerJobs/4/display/redirect"/>
    <property name="POM_VERSION" value="1.0-SNAPSHOT"/>
    <property name="sun.font.fontmanager" value="sun.font.CFontManager"/>
    <property name="path.separator" value=":"/>
    <property name="java.vm.version" value="25.162-b12"/>
    <property name="JOB_DISPLAY_URL" value="http://localhost:8080/job/InstafinTestRunnerJobs/display/redirect"/>
    <property name="SHLVL" value="0"/>
    <property name="SUDO_COMMAND" value="/usr/local/bin/jenkins"/>
    <property name="java.awt.printerjob" value="sun.lwawt.macosx.CPrinterJob"/>
    <property name="JAVA_HOME" value="/Library/Java/JavaVirtualMachines/jdk1.8.0_162.jdk/Contents/Home"/>
    <property name="sun.io.unicode.encoding" value="UnicodeBig"/>
    <property name="awt.toolkit" value="sun.lwawt.macosx.LWCToolkit"/>
    <property name="LOGNAME" value="root"/>
    <property name="POM_PACKAGING" value="jar"/>
    <property name="HOME" value="/Users/rajeev.kumar"/>
    <property name="POM_GROUPID" value="OradianInfyTask"/>
    <property name="user.home" value="/var/root"/>
    <property name="JAVA_MAIN_CLASS_24490" value="Main"/>
    <property name="BUILD_TAG" value="jenkins-InstafinTestRunnerJobs-4"/>
    <property name="JENKINS_SERVER_COOKIE" value="d297d71b1749485d"/>
    <property name="HUDSON_URL" value="http://localhost:8080/"/>
    <property name="java.specification.vendor" value="Oracle Corporation"/>
    <property name="CLASSPATH" value=""/>
    <property name="java.library.path" value="/Users/rajeev.kumar/Library/Java/Extensions:/Library/Java/Extensions:/Network/Library/Java/Extensions:/System/Library/Java/Extensions:/usr/lib/java:."/>
    <property name="java.vendor.url" value="http://java.oracle.com/"/>
    <property name="gopherProxySet" value="false"/>
    <property name="java.vm.vendor" value="Oracle Corporation"/>
    <property name="java.runtime.name" value="Java(TM) SE Runtime Environment"/>
    <property name="maven.home" value="/private/var/root/.jenkins/tools/hudson.tasks.Maven_MavenInstallation/TestMaven"/>
    <property name="java.class.path" value="/var/root/.jenkins/plugins/maven-plugin/WEB-INF/lib/maven35-agent-1.12-alpha-1.jar:/var/root/.jenkins/tools/hudson.tasks.Maven_MavenInstallation/TestMaven/boot/plexus-classworlds-2.5.2.jar:/var/root/.jenkins/tools/hudson.tasks.Maven_MavenInstallation/TestMaven/conf/logging"/>
    <property name="sun.java.command" value="jenkins.maven3.agent.Maven35Main /var/root/.jenkins/tools/hudson.tasks.Maven_MavenInstallation/TestMaven /private/var/root/.jenkins/war/WEB-INF/lib/remoting-3.20.jar /var/root/.jenkins/plugins/maven-plugin/WEB-INF/lib/maven35-interceptor-1.12-alpha-1.jar /var/root/.jenkins/plugins/maven-plugin/WEB-INF/lib/maven3-interceptor-commons-1.12-alpha-1.jar 53331"/>
    <property name="java.vm.specification.name" value="Java Virtual Machine Specification"/>
    <property name="java.vm.specification.version" value="1.8"/>
    <property name="sun.os.patch.level" value="unknown"/>
    <property name="sun.cpu.endian" value="little"/>
    <property name="M2_HOME" value="/var/root/.jenkins/tools/hudson.tasks.Maven_MavenInstallation/TestMaven"/>
    <property name="MAIL" value="/var/mail/root"/>
    <property name="java.io.tmpdir" value="/var/folders/zz/zyxvpxvq6csfxvn_n0000000000000/T/"/>
    <property name="HUDSON_HOME" value="/var/root/.jenkins"/>
    <property name="PATH+MAVEN" value="/var/root/.jenkins/tools/hudson.tasks.Maven_MavenInstallation/TestMaven/bin"/>
    <property name="BUILD_URL" value="http://localhost:8080/job/InstafinTestRunnerJobs/4/"/>
    <property name="java.vendor.url.bug" value="http://bugreport.sun.com/bugreport/"/>
    <property name="SSH_AUTH_SOCK" value="/private/tmp/com.apple.launchd.S8pCVqSIDb/Listeners"/>
    <property name="LC_CTYPE" value="UTF-8"/>
    <property name="java.awt.graphicsenv" value="sun.awt.CGraphicsEnvironment"/>
    <property name="os.arch" value="x86_64"/>
    <property name="java.ext.dirs" value="/Users/rajeev.kumar/Library/Java/Extensions:/Library/Java/JavaVirtualMachines/jdk1.8.0_162.jdk/Contents/Home/jre/lib/ext:/Library/Java/Extensions:/Network/Library/Java/Extensions:/System/Library/Java/Extensions:/usr/lib/java"/>
    <property name="__CF_USER_TEXT_ENCODING" value="0x0:0:0"/>
    <property name="user.dir" value="/Users/rajeev.kumar/git/OradianInfyTask"/>
    <property name="JOB_URL" value="http://localhost:8080/job/InstafinTestRunnerJobs/"/>
    <property name="SUDO_USER" value="rajeev.kumar"/>
    <property name="line.separator" value="
"/>
    <property name="MAVEN_HOME" value="/var/root/.jenkins/tools/hudson.tasks.Maven_MavenInstallation/TestMaven"/>
    <property name="java.vm.name" value="Java HotSpot(TM) 64-Bit Server VM"/>
    <property name="BUILD_NUMBER" value="4"/>
    <property name="JENKINS_URL" value="http://localhost:8080/"/>
    <property name="SUDO_UID" value="2027225893"/>
    <property name="file.encoding" value="UTF-8"/>
    <property name="maven3.interceptor" value="/var/root/.jenkins/plugins/maven-plugin/WEB-INF/lib/maven35-interceptor-1.12-alpha-1.jar"/>
    <property name="WORKSPACE" value="/var/root/.jenkins/workspace/InstafinTestRunnerJobs"/>
    <property name="maven3.interceptor.common" value="/var/root/.jenkins/plugins/maven-plugin/WEB-INF/lib/maven3-interceptor-commons-1.12-alpha-1.jar"/>
    <property name="java.specification.version" value="1.8"/>
    <property name="USER" value="root"/>
  </properties>
  <testcase classname="com.infy.qa.testcases.HomePageTest" name="verifyCreateClientLinkTest" time="3.361"/>
  <testcase classname="com.infy.qa.testcases.ClientPageTest" name="verifyClientPageTitleTest" time="23.442">
    <failure message="Unable to locate element: //*[@id=&quot;content&quot;]/div[2]/div/div[1]/h2/strong
For documentation on this error, please visit: http://seleniumhq.org/exceptions/no_such_element.html
Build info: version: &apos;3.12.0&apos;, revision: &apos;7c6e0b3&apos;, time: &apos;2018-05-08T14:04:26.12Z&apos;
System info: host: &apos;LAZ-TH-L-M-0053&apos;, ip: &apos;fe80:0:0:0:60:1b05:f3f5:95a7%en0&apos;, os.name: &apos;Mac OS X&apos;, os.arch: &apos;x86_64&apos;, os.version: &apos;10.13.4&apos;, java.version: &apos;1.8.0_162&apos;
Driver info: org.openqa.selenium.firefox.FirefoxDriver
Capabilities {acceptInsecureCerts: true, browserName: firefox, browserVersion: 59.0.2, javascriptEnabled: true, moz:accessibilityChecks: false, moz:headless: false, moz:processID: 30582, moz:profile: /tmp/rust_mozprofile.zpex1t..., moz:useNonSpecCompliantPointerOrigin: false, moz:webdriverClick: true, pageLoadStrategy: normal, platform: MAC, platformName: MAC, platformVersion: 17.5.0, rotatable: false, timeouts: {implicit: 0, pageLoad: 300000, script: 30000}}
Session ID: 9b0b2df9-f5e3-fb45-a79d-5f2b402cf5c9
*** Element info: {Using=xpath, value=//*[@id=&quot;content&quot;]/div[2]/div/div[1]/h2/strong}" type="org.openqa.selenium.NoSuchElementException">org.openqa.selenium.NoSuchElementException: Unable to locate element: //*[@id=&quot;content&quot;]/div[2]/div/div[1]/h2/strong
For documentation on this error, please visit: http://seleniumhq.org/exceptions/no_such_element.html
Build info: version: &apos;3.12.0&apos;, revision: &apos;7c6e0b3&apos;, time: &apos;2018-05-08T14:04:26.12Z&apos;
System info: host: &apos;LAZ-TH-L-M-0053&apos;, ip: &apos;fe80:0:0:0:60:1b05:f3f5:95a7%en0&apos;, os.name: &apos;Mac OS X&apos;, os.arch: &apos;x86_64&apos;, os.version: &apos;10.13.4&apos;, java.version: &apos;1.8.0_162&apos;
Driver info: org.openqa.selenium.firefox.FirefoxDriver
Capabilities {acceptInsecureCerts: true, browserName: firefox, browserVersion: 59.0.2, javascriptEnabled: true, moz:accessibilityChecks: false, moz:headless: false, moz:processID: 30582, moz:profile: /tmp/rust_mozprofile.zpex1t..., moz:useNonSpecCompliantPointerOrigin: false, moz:webdriverClick: true, pageLoadStrategy: normal, platform: MAC, platformName: MAC, platformVersion: 17.5.0, rotatable: false, timeouts: {implicit: 0, pageLoad: 300000, script: 30000}}
Session ID: 9b0b2df9-f5e3-fb45-a79d-5f2b402cf5c9
*** Element info: {Using=xpath, value=//*[@id=&quot;content&quot;]/div[2]/div/div[1]/h2/strong}
	at sun.reflect.NativeConstructorAccessorImpl.newInstance0(Native Method)
	at sun.reflect.NativeConstructorAccessorImpl.newInstance(NativeConstructorAccessorImpl.java:62)
	at sun.reflect.DelegatingConstructorAccessorImpl.newInstance(DelegatingConstructorAccessorImpl.java:45)
	at java.lang.reflect.Constructor.newInstance(Constructor.java:423)
	at org.openqa.selenium.remote.http.W3CHttpResponseCodec.createException(W3CHttpResponseCodec.java:187)
	at org.openqa.selenium.remote.http.W3CHttpResponseCodec.decode(W3CHttpResponseCodec.java:122)
	at org.openqa.selenium.remote.http.W3CHttpResponseCodec.decode(W3CHttpResponseCodec.java:49)
	at org.openqa.selenium.remote.HttpCommandExecutor.execute(HttpCommandExecutor.java:158)
	at org.openqa.selenium.remote.service.DriverCommandExecutor.execute(DriverCommandExecutor.java:83)
	at org.openqa.selenium.remote.RemoteWebDriver.execute(RemoteWebDriver.java:543)
	at org.openqa.selenium.remote.RemoteWebDriver.findElement(RemoteWebDriver.java:317)
	at org.openqa.selenium.remote.RemoteWebDriver.findElementByXPath(RemoteWebDriver.java:419)
	at org.openqa.selenium.By$ByXPath.findElement(By.java:353)
	at org.openqa.selenium.remote.RemoteWebDriver.findElement(RemoteWebDriver.java:309)
	at sun.reflect.NativeMethodAccessorImpl.invoke0(Native Method)
	at sun.reflect.NativeMethodAccessorImpl.invoke(NativeMethodAccessorImpl.java:62)
	at sun.reflect.DelegatingMethodAccessorImpl.invoke(DelegatingMethodAccessorImpl.java:43)
	at java.lang.reflect.Method.invoke(Method.java:498)
	at org.openqa.selenium.support.events.EventFiringWebDriver.lambda$new$1(EventFiringWebDriver.java:103)
	at com.sun.proxy.$Proxy5.findElement(Unknown Source)
	at org.openqa.selenium.support.events.EventFiringWebDriver.findElement(EventFiringWebDriver.java:186)
	at org.openqa.selenium.support.pagefactory.DefaultElementLocator.findElement(DefaultElementLocator.java:69)
	at org.openqa.selenium.support.pagefactory.internal.LocatingElementHandler.invoke(LocatingElementHandler.java:38)
	at com.sun.proxy.$Proxy9.isDisplayed(Unknown Source)
	at com.infy.qa.pages.ClientPage.verifyClientPageTitle(ClientPage.java:26)
	at com.infy.qa.testcases.ClientPageTest.verifyClientPageTitleTest(ClientPageTest.java:39)
</failure>
    <system-out>Before navigating to: &apos;https://rajeev.instafin.info/user/login&apos;
Navigated to:&apos;https://rajeev.instafin.info/user/login&apos;
Trying to find Element By : By.id: us1
Found Element By : By.id: us1
Trying to find Element By : By.id: pw1
Found Element By : By.id: pw1
Trying to find Element By : By.xpath: /html/body/div/div/div/div[2]/form/fieldset/button
Found Element By : By.xpath: /html/body/div/div/div/div[2]/form/fieldset/button
Trying to click on: [[FirefoxDriver: firefox on MAC (9b0b2df9-f5e3-fb45-a79d-5f2b402cf5c9)] -&gt; xpath: /html/body/div/div/div/div[2]/form/fieldset/button]
Clicked on: [[FirefoxDriver: firefox on MAC (9b0b2df9-f5e3-fb45-a79d-5f2b402cf5c9)] -&gt; xpath: /html/body/div/div/div/div[2]/form/fieldset/button]
Trying to find Element By : By.xpath: //div[2]/div/div[1]/div/ul/li[3]/a/i
Found Element By : By.xpath: //div[2]/div/div[1]/div/ul/li[3]/a/i
Trying to click on: [[FirefoxDriver: firefox on MAC (9b0b2df9-f5e3-fb45-a79d-5f2b402cf5c9)] -&gt; xpath: //div[2]/div/div[1]/div/ul/li[3]/a/i]
Clicked on: [[FirefoxDriver: firefox on MAC (9b0b2df9-f5e3-fb45-a79d-5f2b402cf5c9)] -&gt; xpath: //div[2]/div/div[1]/div/ul/li[3]/a/i]
Trying to find Element By : By.linkText: Corporate
Found Element By : By.linkText: Corporate
Trying to click on: [[FirefoxDriver: firefox on MAC (9b0b2df9-f5e3-fb45-a79d-5f2b402cf5c9)] -&gt; link text: Corporate]
Clicked on: [[FirefoxDriver: firefox on MAC (9b0b2df9-f5e3-fb45-a79d-5f2b402cf5c9)] -&gt; link text: Corporate]
Trying to find Element By : By.xpath: //*[@id=&quot;content&quot;]/div[2]/div/div[1]/h2/strong
Found Element By : By.xpath: //*[@id=&quot;content&quot;]/div[2]/div/div[1]/h2/strong
Trying to click on: [[FirefoxDriver: firefox on MAC (9b0b2df9-f5e3-fb45-a79d-5f2b402cf5c9)] -&gt; xpath: //*[@id=&quot;content&quot;]/div[2]/div/div[1]/h2/strong]
Clicked on: [[FirefoxDriver: firefox on MAC (9b0b2df9-f5e3-fb45-a79d-5f2b402cf5c9)] -&gt; xpath: //*[@id=&quot;content&quot;]/div[2]/div/div[1]/h2/strong]
Trying to find Element By : By.xpath: //*[@id=&quot;content&quot;]/div[1]/div/h1/a
Found Element By : By.xpath: //*[@id=&quot;content&quot;]/div[1]/div/h1/a
Trying to click on: [[FirefoxDriver: firefox on MAC (9b0b2df9-f5e3-fb45-a79d-5f2b402cf5c9)] -&gt; xpath: //*[@id=&quot;content&quot;]/div[1]/div/h1/a]
Clicked on: [[FirefoxDriver: firefox on MAC (9b0b2df9-f5e3-fb45-a79d-5f2b402cf5c9)] -&gt; xpath: //*[@id=&quot;content&quot;]/div[1]/div/h1/a]
Trying to find Element By : By.xpath: //*[@id=&quot;content&quot;]/div[2]/div/div[1]/h2/strong
Exception occurred: org.openqa.selenium.NoSuchElementException: Unable to locate element: //*[@id=&quot;content&quot;]/div[2]/div/div[1]/h2/strong
For documentation on this error, please visit: http://seleniumhq.org/exceptions/no_such_element.html
Build info: version: &apos;3.12.0&apos;, revision: &apos;7c6e0b3&apos;, time: &apos;2018-05-08T14:04:26.12Z&apos;
System info: host: &apos;LAZ-TH-L-M-0053&apos;, ip: &apos;fe80:0:0:0:60:1b05:f3f5:95a7%en0&apos;, os.name: &apos;Mac OS X&apos;, os.arch: &apos;x86_64&apos;, os.version: &apos;10.13.4&apos;, java.version: &apos;1.8.0_162&apos;
Driver info: org.openqa.selenium.firefox.FirefoxDriver
Capabilities {acceptInsecureCerts: true, browserName: firefox, browserVersion: 59.0.2, javascriptEnabled: true, moz:accessibilityChecks: false, moz:headless: false, moz:processID: 30582, moz:profile: /tmp/rust_mozprofile.zpex1t..., moz:useNonSpecCompliantPointerOrigin: false, moz:webdriverClick: true, pageLoadStrategy: normal, platform: MAC, platformName: MAC, platformVersion: 17.5.0, rotatable: false, timeouts: {implicit: 0, pageLoad: 300000, script: 30000}}
Session ID: 9b0b2df9-f5e3-fb45-a79d-5f2b402cf5c9
*** Element info: {Using=xpath, value=//*[@id=&quot;content&quot;]/div[2]/div/div[1]/h2/strong}
</system-out>
    <system-err>[GFX1-]: Receive IPC close with reason=AbnormalShutdown
1526523817352	geckodriver	INFO	geckodriver 0.19.1
1526523817368	geckodriver	INFO	Listening on 127.0.0.1:7687
1526523818533	mozrunner::runner	INFO	Running command: &quot;/Applications/Firefox.app/Contents/MacOS/firefox-bin&quot; &quot;-marionette&quot; &quot;-profile&quot; &quot;/tmp/rust_mozprofile.zpex1tCns4iY&quot;
1526523819540	Marionette	INFO	Enabled via --marionette
2018-05-17 09:23:40.988 plugin-container[30583:1581999] *** CFMessagePort: bootstrap_register(): failed 1100 (0x44c) &apos;Permission denied&apos;, port = 0x8043, name = &apos;com.apple.tsm.portname&apos;
See /usr/include/servers/bootstrap_defs.h for the error codes.
1526523821504	Marionette	INFO	Listening on port 54459
1526523821552	Marionette	WARN	TLS certificate errors will be ignored for this session
May 17, 2018 9:23:41 AM org.openqa.selenium.remote.ProtocolHandshake createSession
INFO: Detected dialect: W3C
2018-05-17 09:23:42.142 plugin-container[30584:1582089] *** CFMessagePort: bootstrap_register(): failed 1100 (0x44c) &apos;Permission denied&apos;, port = 0x933f, name = &apos;com.apple.tsm.portname&apos;
See /usr/include/servers/bootstrap_defs.h for the error codes.
</system-err>
  </testcase>
  <testcase classname="com.infy.qa.testcases.HomePageTest" name="verifyHomepageTitleTest" time="0.016"/>
  <testcase classname="com.infy.qa.testcases.LoginPageTest" name="loginPageTitleTest" time="0.012"/>
  <testcase classname="com.infy.qa.testcases.HomePageTest" name="verifyUserNameTest" time="0.118"/>
  <testcase classname="com.infy.qa.testcases.LoginPageTest" name="customLogoTest" time="0.063"/>
  <testcase classname="com.infy.qa.testcases.HomePageTest" name="verifyUsernameLinkTest" time="2.791"/>
  <testcase classname="com.infy.qa.testcases.LoginPageTest" name="loginTest" time="4.293"/>
</testsuite>